<?xml version="1.0" encoding="UTF-8"?>
<!-- Generated by org.testng.reporters.JUnitXMLReporter -->
<testsuite ignored="0" hostname="HP-Pavilion-GTX" failures="0" tests="8" name="Default test" time="66.424" errors="0" timestamp="19 Jan 2025 12:09:33 GMT">
  <testcase classname="Test.Login" name="LoggingInWithValidDetails" time="3.939"/>
  <testcase classname="Test.Login" name="LoggingInWithInvalidDetails" time="3.555"/>
  <testcase classname="Test.Login" name="LoggingInWithInvalidEmailValidPassword" time="3.699"/>
  <testcase classname="Test.Login" name="LoginWithValidEmailInvalidPassword" time="3.949"/>
  <testcase classname="Test.Login" name="LoginWithoutProvidingAnyCredentials" time="3.404"/>
  <testcase classname="Test.Login" name="VerifyForgottenPasswordLink" time="3.187"/>
  <testcase classname="Test.Login" name="LoginUsingKeyboardTab" time="3.924"/>
  <testcase classname="Test.Login" name="LoginAndNavigatingBack" time="4.45"/>
</testsuite> <!-- Default test -->
