<?xml version="1.0" encoding="UTF-8"?>
<!-- Generated by org.testng.reporters.JUnitXMLReporter -->
<testsuite ignored="7" hostname="HP-Pavilion-GTX" failures="0" tests="1" name="Default test" time="7.896" errors="0" timestamp="18 Jan 2025 22:47:37 GMT">
  <testcase classname="Test.Login" name="LoggingInWithValidDetails" time="4.05"/>
  <testcase classname="Test.Login" name="LoginWithoutProvidingAnyCredentials" time="0.0">
    <ignored/>
  </testcase> <!-- LoginWithoutProvidingAnyCredentials -->
  <testcase classname="Test.Login" name="LoggingInWithInvalidEmailValidPassword" time="0.0">
    <ignored/>
  </testcase> <!-- LoggingInWithInvalidEmailValidPassword -->
  <testcase classname="Test.Login" name="LoggingInWithInvalidDetails" time="0.0">
    <ignored/>
  </testcase> <!-- LoggingInWithInvalidDetails -->
  <testcase classname="Test.Login" name="LoginAndNavigatingBack" time="0.0">
    <ignored/>
  </testcase> <!-- LoginAndNavigatingBack -->
  <testcase classname="Test.Login" name="LoginWithValidEmailInvalidPassword" time="0.0">
    <ignored/>
  </testcase> <!-- LoginWithValidEmailInvalidPassword -->
  <testcase classname="Test.Login" name="LoginUsingKeyboardTab" time="0.0">
    <ignored/>
  </testcase> <!-- LoginUsingKeyboardTab -->
  <testcase classname="Test.Login" name="VerifyForgottenPasswordLink" time="0.0">
    <ignored/>
  </testcase> <!-- VerifyForgottenPasswordLink -->
</testsuite> <!-- Default test -->
