<?xml version="1.0" encoding="UTF-8"?>
<testng-results ignored="0" total="8" passed="8" failed="0" skipped="0">
  <reporter-output>
  </reporter-output>
  <suite started-at="2025-01-19T12:08:27Z" name="Default suite" finished-at="2025-01-19T12:09:33Z" duration-ms="66424">
    <groups>
    </groups>
    <test started-at="2025-01-19T12:08:27Z" name="Default test" finished-at="2025-01-19T12:09:33Z" duration-ms="66424">
      <class name="Test.Login">
        <test-method is-config="true" signature="configBeforeMethod()[pri:0, instance:Test.Login@3de8f619]" started-at="2025-01-19T17:38:27Z" name="configBeforeMethod" finished-at="2025-01-19T17:38:37Z" duration-ms="9705" status="PASS">
          <reporter-output>
          </reporter-output>
        </test-method> <!-- configBeforeMethod -->
        <test-method signature="LoggingInWithValidDetails()[pri:1, instance:Test.Login@3de8f619]" started-at="2025-01-19T17:38:37Z" name="LoggingInWithValidDetails" finished-at="2025-01-19T17:38:40Z" duration-ms="3939" status="PASS">
          <reporter-output>
          </reporter-output>
        </test-method> <!-- LoggingInWithValidDetails -->
        <test-method is-config="true" signature="configAfterMethod()[pri:0, instance:Test.Login@3de8f619]" started-at="2025-01-19T17:38:40Z" name="configAfterMethod" finished-at="2025-01-19T17:38:41Z" duration-ms="400" status="PASS">
          <reporter-output>
          </reporter-output>
        </test-method> <!-- configAfterMethod -->
        <test-method is-config="true" signature="configBeforeMethod()[pri:0, instance:Test.Login@3de8f619]" started-at="2025-01-19T17:38:41Z" name="configBeforeMethod" finished-at="2025-01-19T17:38:44Z" duration-ms="3161" status="PASS">
          <reporter-output>
          </reporter-output>
        </test-method> <!-- configBeforeMethod -->
        <test-method signature="LoggingInWithInvalidDetails()[pri:2, instance:Test.Login@3de8f619]" started-at="2025-01-19T17:38:44Z" name="LoggingInWithInvalidDetails" finished-at="2025-01-19T17:38:48Z" duration-ms="3555" status="PASS">
          <reporter-output>
          </reporter-output>
        </test-method> <!-- LoggingInWithInvalidDetails -->
        <test-method is-config="true" signature="configAfterMethod()[pri:0, instance:Test.Login@3de8f619]" started-at="2025-01-19T17:38:48Z" name="configAfterMethod" finished-at="2025-01-19T17:38:48Z" duration-ms="378" status="PASS">
          <reporter-output>
          </reporter-output>
        </test-method> <!-- configAfterMethod -->
        <test-method is-config="true" signature="configBeforeMethod()[pri:0, instance:Test.Login@3de8f619]" started-at="2025-01-19T17:38:48Z" name="configBeforeMethod" finished-at="2025-01-19T17:38:51Z" duration-ms="3442" status="PASS">
          <reporter-output>
          </reporter-output>
        </test-method> <!-- configBeforeMethod -->
        <test-method signature="LoggingInWithInvalidEmailValidPassword()[pri:3, instance:Test.Login@3de8f619]" started-at="2025-01-19T17:38:51Z" name="LoggingInWithInvalidEmailValidPassword" finished-at="2025-01-19T17:38:55Z" duration-ms="3699" status="PASS">
          <reporter-output>
          </reporter-output>
        </test-method> <!-- LoggingInWithInvalidEmailValidPassword -->
        <test-method is-config="true" signature="configAfterMethod()[pri:0, instance:Test.Login@3de8f619]" started-at="2025-01-19T17:38:55Z" name="configAfterMethod" finished-at="2025-01-19T17:38:55Z" duration-ms="306" status="PASS">
          <reporter-output>
          </reporter-output>
        </test-method> <!-- configAfterMethod -->
        <test-method is-config="true" signature="configBeforeMethod()[pri:0, instance:Test.Login@3de8f619]" started-at="2025-01-19T17:38:55Z" name="configBeforeMethod" finished-at="2025-01-19T17:38:59Z" duration-ms="3237" status="PASS">
          <reporter-output>
          </reporter-output>
        </test-method> <!-- configBeforeMethod -->
        <test-method signature="LoginWithValidEmailInvalidPassword()[pri:4, instance:Test.Login@3de8f619]" started-at="2025-01-19T17:38:59Z" name="LoginWithValidEmailInvalidPassword" finished-at="2025-01-19T17:39:03Z" duration-ms="3949" status="PASS">
          <reporter-output>
          </reporter-output>
        </test-method> <!-- LoginWithValidEmailInvalidPassword -->
        <test-method is-config="true" signature="configAfterMethod()[pri:0, instance:Test.Login@3de8f619]" started-at="2025-01-19T17:39:03Z" name="configAfterMethod" finished-at="2025-01-19T17:39:03Z" duration-ms="277" status="PASS">
          <reporter-output>
          </reporter-output>
        </test-method> <!-- configAfterMethod -->
        <test-method is-config="true" signature="configBeforeMethod()[pri:0, instance:Test.Login@3de8f619]" started-at="2025-01-19T17:39:03Z" name="configBeforeMethod" finished-at="2025-01-19T17:39:06Z" duration-ms="3443" status="PASS">
          <reporter-output>
          </reporter-output>
        </test-method> <!-- configBeforeMethod -->
        <test-method signature="LoginWithoutProvidingAnyCredentials()[pri:5, instance:Test.Login@3de8f619]" started-at="2025-01-19T17:39:06Z" name="LoginWithoutProvidingAnyCredentials" finished-at="2025-01-19T17:39:10Z" duration-ms="3404" status="PASS">
          <reporter-output>
          </reporter-output>
        </test-method> <!-- LoginWithoutProvidingAnyCredentials -->
        <test-method is-config="true" signature="configAfterMethod()[pri:0, instance:Test.Login@3de8f619]" started-at="2025-01-19T17:39:10Z" name="configAfterMethod" finished-at="2025-01-19T17:39:10Z" duration-ms="298" status="PASS">
          <reporter-output>
          </reporter-output>
        </test-method> <!-- configAfterMethod -->
        <test-method is-config="true" signature="configBeforeMethod()[pri:0, instance:Test.Login@3de8f619]" started-at="2025-01-19T17:39:10Z" name="configBeforeMethod" finished-at="2025-01-19T17:39:14Z" duration-ms="4022" status="PASS">
          <reporter-output>
          </reporter-output>
        </test-method> <!-- configBeforeMethod -->
        <test-method signature="VerifyForgottenPasswordLink()[pri:6, instance:Test.Login@3de8f619]" started-at="2025-01-19T17:39:14Z" name="VerifyForgottenPasswordLink" finished-at="2025-01-19T17:39:17Z" duration-ms="3187" status="PASS">
          <reporter-output>
          </reporter-output>
        </test-method> <!-- VerifyForgottenPasswordLink -->
        <test-method is-config="true" signature="configAfterMethod()[pri:0, instance:Test.Login@3de8f619]" started-at="2025-01-19T17:39:17Z" name="configAfterMethod" finished-at="2025-01-19T17:39:18Z" duration-ms="293" status="PASS">
          <reporter-output>
          </reporter-output>
        </test-method> <!-- configAfterMethod -->
        <test-method is-config="true" signature="configBeforeMethod()[pri:0, instance:Test.Login@3de8f619]" started-at="2025-01-19T17:39:18Z" name="configBeforeMethod" finished-at="2025-01-19T17:39:21Z" duration-ms="3851" status="PASS">
          <reporter-output>
          </reporter-output>
        </test-method> <!-- configBeforeMethod -->
        <test-method signature="LoginUsingKeyboardTab()[pri:7, instance:Test.Login@3de8f619]" started-at="2025-01-19T17:39:21Z" name="LoginUsingKeyboardTab" finished-at="2025-01-19T17:39:25Z" duration-ms="3924" status="PASS">
          <reporter-output>
          </reporter-output>
        </test-method> <!-- LoginUsingKeyboardTab -->
        <test-method is-config="true" signature="configAfterMethod()[pri:0, instance:Test.Login@3de8f619]" started-at="2025-01-19T17:39:25Z" name="configAfterMethod" finished-at="2025-01-19T17:39:26Z" duration-ms="309" status="PASS">
          <reporter-output>
          </reporter-output>
        </test-method> <!-- configAfterMethod -->
        <test-method is-config="true" signature="configBeforeMethod()[pri:0, instance:Test.Login@3de8f619]" started-at="2025-01-19T17:39:26Z" name="configBeforeMethod" finished-at="2025-01-19T17:39:29Z" duration-ms="2879" status="PASS">
          <reporter-output>
          </reporter-output>
        </test-method> <!-- configBeforeMethod -->
        <test-method signature="LoginAndNavigatingBack()[pri:8, instance:Test.Login@3de8f619]" started-at="2025-01-19T17:39:29Z" name="LoginAndNavigatingBack" finished-at="2025-01-19T17:39:33Z" duration-ms="4450" status="PASS">
          <reporter-output>
          </reporter-output>
        </test-method> <!-- LoginAndNavigatingBack -->
        <test-method is-config="true" signature="configAfterMethod()[pri:0, instance:Test.Login@3de8f619]" started-at="2025-01-19T17:39:33Z" name="configAfterMethod" finished-at="2025-01-19T17:39:33Z" duration-ms="283" status="PASS">
          <reporter-output>
          </reporter-output>
        </test-method> <!-- configAfterMethod -->
      </class> <!-- Test.Login -->
    </test> <!-- Default test -->
  </suite> <!-- Default suite -->
</testng-results>
