<?xml version="1.0" encoding="UTF-8"?>
<testng-results ignored="7" total="8" passed="1" failed="0" skipped="0">
  <reporter-output>
  </reporter-output>
  <suite started-at="2025-01-18T22:47:29Z" name="Default suite" finished-at="2025-01-18T22:47:37Z" duration-ms="7896">
    <groups>
    </groups>
    <test started-at="2025-01-18T22:47:29Z" name="Default test" finished-at="2025-01-18T22:47:37Z" duration-ms="7896">
      <class name="Test.Login">
        <test-method is-config="true" signature="configBeforeMethod()[pri:0, instance:Test.Login@eadd4fb]" started-at="2025-01-19T04:17:29Z" name="configBeforeMethod" finished-at="2025-01-19T04:17:33Z" duration-ms="3474" status="PASS">
          <reporter-output>
          </reporter-output>
        </test-method> <!-- configBeforeMethod -->
        <test-method signature="LoggingInWithValidDetails()[pri:1, instance:Test.Login@eadd4fb]" started-at="2025-01-19T04:17:33Z" name="LoggingInWithValidDetails" finished-at="2025-01-19T04:17:37Z" duration-ms="4050" status="PASS">
          <reporter-output>
          </reporter-output>
        </test-method> <!-- LoggingInWithValidDetails -->
        <test-method is-config="true" signature="configAfterMethod()[pri:0, instance:Test.Login@eadd4fb]" started-at="2025-01-19T04:17:37Z" name="configAfterMethod" finished-at="2025-01-19T04:17:37Z" duration-ms="351" status="PASS">
          <reporter-output>
          </reporter-output>
        </test-method> <!-- configAfterMethod -->
      </class> <!-- Test.Login -->
    </test> <!-- Default test -->
  </suite> <!-- Default suite -->
</testng-results>
